#
# A fatal error has been detected by the Java Runtime Environment:
#
#  EXCEPTION_ACCESS_VIOLATION (0xc0000005) at pc=0x00007ffd593a1b2a, pid=37412, tid=21036
#
# JRE version:  (21.0.9+10) (build )
# Java VM: OpenJDK 64-Bit Server VM (21.0.9+10-LTS, mixed mode, sharing, tiered, compressed class ptrs, unknown gc, windows-amd64)
# Problematic frame:
# C  [jimage.dll+0x1b2a]
#
# No core dump will be written. Minidumps are not enabled by default on client versions of Windows
#
#

---------------  S U M M A R Y ------------

Command Line: 

Host: AMD Ryzen 7 3700X 8-Core Processor             , 16 cores, 15G,  Windows 11 , 64 bit Build 26100 (10.0.26100.7019)
Time: Fri Nov 21 00:23:25 2025 Eastern Standard Time elapsed time: 0.025296 seconds (0d 0h 0m 0s)

---------------  T H R E A D  ---------------

Current thread is native thread

Stack: [0x0000005a90e00000,0x0000005a90f00000],  sp=0x0000005a90efdf30,  free space=1015k
Native frames: (J=compiled Java code, j=interpreted, Vv=VM code, C=native code)
C  [jimage.dll+0x1b2a]  (no source info available)
C  [jimage.dll+0x1cb3]  (no source info available)
C  [jimage.dll+0x25b1]  (no source info available)
V  [jvm.dll+0x227a22]  (no source info available)
V  [jvm.dll+0xcd6b0]  (no source info available)
V  [jvm.dll+0x8724b3]  (no source info available)
V  [jvm.dll+0x461751]  (no source info available)
V  [jvm.dll+0x463391]  (no source info available)
C  [jli.dll+0x52f0]  (no source info available)
C  [ucrtbase.dll+0x37b0]  (no source info available)
C  [KERNEL32.DLL+0x2e8d7]  (no source info available)
C  [ntdll.dll+0x8c53c]  (no source info available)


siginfo: EXCEPTION_ACCESS_VIOLATION (0xc0000005), reading address 0x0000000000004000


Registers:
RAX=0x00007ffd593a4298, RBX=0x0000005a90efe021, RCX=0x00007ffd593a6000, RDX=0x0000000000000ff9
RSP=0x0000005a90efdf30, RBP=0x0000005a90efe020, RSI=0x0000000000007853, RDI=0x0000005a90efe020
R8 =0x000000000000001c, R9 =0x00007ffd593a6000, R10=0x00007ffd58fa0000, R11=0x8101010101010100
R12=0x0000000000000000, R13=0x00000248672586e0, R14=0x0000005a90eff090, R15=0x00007ffc8f8b0718
RIP=0x00007ffd593a1b2a, EFLAGS=0x0000000000010213

XMM[0]=0x0000000000000000 0x0000000000000000
XMM[1]=0x2f6d762f6c616e72 0x65746e692f6b646a
XMM[2]=0x736e6f6974706f2f 0x6d762f6c616e7265
XMM[3]=0x0000000000000000 0x0000000000000000
XMM[4]=0x0000000000000000 0x0000000000000000
XMM[5]=0x0000000000000000 0x0000000000000000
XMM[6]=0x0000000000000000 0x0000000000000000
XMM[7]=0x0000000000000000 0x0000000000000000
XMM[8]=0x0000000000000000 0x0000000000000000
XMM[9]=0x0000000000000000 0x0000000000000000
XMM[10]=0x0000000000000000 0x0000000000000000
XMM[11]=0x0000000000000000 0x0000000000000000
XMM[12]=0x0000000000000000 0x0000000000000000
XMM[13]=0x0000000000000000 0x0000000000000000
XMM[14]=0x0000000000000000 0x0000000000000000
XMM[15]=0x0000000000000000 0x0000000000000000
  MXCSR=0x00001f80


Top of Stack: (sp=0x0000005a90efdf30)
0x0000005a90efdf30:   0000000000000000 0000005a90efe3f8
0x0000005a90efdf40:   0000000000000000 0000000000000000
0x0000005a90efdf50:   0000024867270900 00007ffd593a1cb3
0x0000005a90efdf60:   0000000000000009 0000024867270900
0x0000005a90efdf70:   0000000000000000 0000000000000000
0x0000005a90efdf80:   0000000000000000 0000000000000000
0x0000005a90efdf90:   0000000000000000 0000000000000000
0x0000005a90efdfa0:   0000002b00000000 0000000000000000
0x0000005a90efdfb0:   0000000000000000 0000000000000000
0x0000005a90efdfc0:   000067c0c6f8814e 0000000000000000
0x0000005a90efdfd0:   00007ffc8f88de40 0000000000000017
0x0000005a90efdfe0:   0000024867270900 0000005a90eff090
0x0000005a90efdff0:   0000000000000009 00007ffd593a25b1
0x0000005a90efe000:   0000000000000000 0000000000000000
0x0000005a90efe010:   0000024867275630 0000000000000000
0x0000005a90efe020:   61622e6176616a2f 692f6b646a2f6573
0x0000005a90efe030:   2f6c616e7265746e 6f6974706f2f6d76
0x0000005a90efe040:   000000000000736e 0000000000000000
0x0000005a90efe050:   0000000000000000 0000000000000000
0x0000005a90efe060:   0000024867275cf0 0000000000000000
0x0000005a90efe070:   0000000000000000 0000000000000000
0x0000005a90efe080:   0000000000000000 0000000000000000
0x0000005a90efe090:   0000000000000000 0000000000000000
0x0000005a90efe0a0:   0000000000000000 0000000000000000
0x0000005a90efe0b0:   0000000000000000 0000000000000000
0x0000005a90efe0c0:   0000000000000000 0000000000000000
0x0000005a90efe0d0:   0000000000000000 0000000000000000
0x0000005a90efe0e0:   0000000000000000 0000000000000000
0x0000005a90efe0f0:   0000000000000000 0000000000000000
0x0000005a90efe100:   0000000000000000 0000000000000000
0x0000005a90efe110:   0000000000000000 0000000000000000
0x0000005a90efe120:   0000000000000000 0000000000000000 

Instructions: (pc=0x00007ffd593a1b2a)
0x00007ffd593a1a2a:   8a 05 e0 45 00 00 f6 d8 48 1b d2 48 83 e2 d8 48
0x00007ffd593a1a3a:   8b 54 1a 40 e8 d1 0e 00 00 48 c7 43 48 00 00 00
0x00007ffd593a1a4a:   00 8b 4b 0c 83 f9 ff 74 0c e8 04 0d 00 00 c7 43
0x00007ffd593a1a5a:   0c ff ff ff ff 48 8b 4b 70 48 85 c9 74 12 ba 10
0x00007ffd593a1a6a:   00 00 00 e8 22 0f 00 00 48 c7 43 70 00 00 00 00
0x00007ffd593a1a7a:   48 83 c4 20 5b c3 40 53 48 83 ec 20 48 8b d9 48
0x00007ffd593a1a8a:   8d 0d f0 47 00 00 e8 cf 0c 00 00 83 6b 08 01 75
0x00007ffd593a1a9a:   24 48 8b d3 48 8d 0d 73 45 00 00 e8 52 08 00 00
0x00007ffd593a1aaa:   48 8b cb e8 ca fe ff ff ba 78 00 00 00 48 8b cb
0x00007ffd593a1aba:   e8 d5 0e 00 00 48 8d 0d ba 47 00 00 48 83 c4 20
0x00007ffd593a1aca:   5b e9 9c 0c 00 00 48 89 5c 24 08 48 89 74 24 10
0x00007ffd593a1ada:   57 48 83 ec 20 41 8b f1 4c 8b c9 48 8b fa 4d 85
0x00007ffd593a1aea:   c0 74 72 85 f6 74 6e 44 8a 12 48 8d 5a 01 48 8b
0x00007ffd593a1afa:   d3 b8 93 01 00 01 eb 12 69 c0 93 01 00 01 41 0f
0x00007ffd593a1b0a:   b6 ca 44 8a 12 33 c1 48 ff c2 45 84 d2 75 e9 33
0x00007ffd593a1b1a:   d2 0f ba f0 1f f7 f6 49 8b 01 49 8b c9 48 63 d2
0x00007ffd593a1b2a:   41 8b 14 90 ff 50 08 85 c0 7e 24 8a 0f eb 10 69
0x00007ffd593a1b3a:   c0 93 01 00 01 0f b6 c9 33 c1 8a 0b 48 ff c3 84
0x00007ffd593a1b4a:   c9 75 ec 0f ba f0 1f 33 d2 f7 f6 8b c2 eb 09 79
0x00007ffd593a1b5a:   04 f7 d0 eb 03 83 c8 ff 48 8b 5c 24 30 48 8b 74
0x00007ffd593a1b6a:   24 38 48 83 c4 20 5f c3 cc cc 48 89 5c 24 08 48
0x00007ffd593a1b7a:   89 74 24 10 57 48 83 ec 20 48 8b f1 48 8d 0d f3
0x00007ffd593a1b8a:   46 00 00 e8 d2 0b 00 00 33 ff 39 3d 7e 44 00 00
0x00007ffd593a1b9a:   76 24 48 8b 05 7d 44 00 00 48 8b d6 48 8b 1c f8
0x00007ffd593a1baa:   48 8b 0b e8 88 1f 00 00 85 c0 74 2b ff c7 3b 3d
0x00007ffd593a1bba:   5a 44 00 00 72 dc 33 db 48 8d 0d b7 46 00 00 e8
0x00007ffd593a1bca:   9e 0b 00 00 48 8b 74 24 38 48 8b c3 48 8b 5c 24
0x00007ffd593a1bda:   30 48 83 c4 20 5f c3 ff 43 08 eb dc cc cc 48 89
0x00007ffd593a1bea:   5c 24 08 48 89 74 24 10 57 48 83 ec 20 48 8b d9
0x00007ffd593a1bfa:   48 8b f2 48 8b 49 10 49 8b f8 8b 53 30 48 8b 01
0x00007ffd593a1c0a:   ff 50 20 4c 8b 43 50 48 8b d6 48 8b 4b 10 44 8b
0x00007ffd593a1c1a:   c8 e8 b0 fe ff ff 83 f8 ff 74 39 48 8b 4b 10 48 



---------------  P R O C E S S  ---------------

VM state: not at safepoint (not fully initialized)

VM Mutex/Monitor currently owned by a thread: None

CDS archive(s) mapped at: [0x0000000000000000-0x0000000000000000-0x0000000000000000), size 0, SharedBaseAddress: 0x0000000800000000, ArchiveRelocationMode: 1.
Narrow klass base: 0x0000000000000000, Narrow klass shift: 0, Narrow klass range: 0x0

GC Precious Log:
<Not initialized>


Dynamic libraries:
0x00007ff720e80000 - 0x00007ff720e8e000 	C:\Users\amyvc\.jdks\ms-21.0.9\bin\java.exe
0x00007ffd875c0000 - 0x00007ffd87828000 	C:\WINDOWS\SYSTEM32\ntdll.dll
0x00007ffd86990000 - 0x00007ffd86a59000 	C:\WINDOWS\System32\KERNEL32.DLL
0x00007ffd84cc0000 - 0x00007ffd850b8000 	C:\WINDOWS\System32\KERNELBASE.dll
0x00007ffd85180000 - 0x00007ffd852cb000 	C:\WINDOWS\System32\ucrtbase.dll
0x00007ffd59200000 - 0x00007ffd59218000 	C:\Users\amyvc\.jdks\ms-21.0.9\bin\jli.dll
0x00007ffd87370000 - 0x00007ffd87537000 	C:\WINDOWS\System32\USER32.dll
0x00007ffd84ab0000 - 0x00007ffd84ad7000 	C:\WINDOWS\System32\win32u.dll
0x00007ffd866a0000 - 0x00007ffd866cb000 	C:\WINDOWS\System32\GDI32.dll
0x00007ffd84b90000 - 0x00007ffd84cbc000 	C:\WINDOWS\System32\gdi32full.dll
0x00007ffd6aed0000 - 0x00007ffd6b164000 	C:\WINDOWS\WinSxS\amd64_microsoft.windows.common-controls_6595b64144ccf1df_6.0.26100.7019_none_3e06ffa0e335b8a8\COMCTL32.dll
0x00007ffd58fa0000 - 0x00007ffd58fbe000 	C:\Users\amyvc\.jdks\ms-21.0.9\bin\VCRUNTIME140.dll
0x00007ffd84a00000 - 0x00007ffd84aa3000 	C:\WINDOWS\System32\msvcp_win.dll
0x00007ffd85370000 - 0x00007ffd85419000 	C:\WINDOWS\System32\msvcrt.dll
0x00007ffd87540000 - 0x00007ffd87571000 	C:\WINDOWS\System32\IMM32.DLL
0x00007ffd5a2a0000 - 0x00007ffd5a2ac000 	C:\Users\amyvc\.jdks\ms-21.0.9\bin\vcruntime140_1.dll
0x00007ffd58c20000 - 0x00007ffd58ca9000 	C:\Users\amyvc\.jdks\ms-21.0.9\bin\msvcp140.dll
0x00007ffc8ee90000 - 0x00007ffc8fc3d000 	C:\Users\amyvc\.jdks\ms-21.0.9\bin\server\jvm.dll
0x00007ffd872b0000 - 0x00007ffd87364000 	C:\WINDOWS\System32\ADVAPI32.dll
0x00007ffd85d90000 - 0x00007ffd85e36000 	C:\WINDOWS\System32\sechost.dll
0x00007ffd85600000 - 0x00007ffd85718000 	C:\WINDOWS\System32\RPCRT4.dll
0x00007ffd86910000 - 0x00007ffd86984000 	C:\WINDOWS\System32\WS2_32.dll
0x00007ffd84310000 - 0x00007ffd8436e000 	C:\WINDOWS\SYSTEM32\POWRPROF.dll
0x00007ffd7d6f0000 - 0x00007ffd7d6fb000 	C:\WINDOWS\SYSTEM32\VERSION.dll
0x00007ffd783d0000 - 0x00007ffd78405000 	C:\WINDOWS\SYSTEM32\WINMM.dll
0x00007ffd840f0000 - 0x00007ffd84104000 	C:\WINDOWS\SYSTEM32\UMPDC.dll
0x00007ffd834d0000 - 0x00007ffd834eb000 	C:\WINDOWS\SYSTEM32\kernel.appcore.dll
0x00007ffd593a0000 - 0x00007ffd593aa000 	C:\Users\amyvc\.jdks\ms-21.0.9\bin\jimage.dll
0x00007ffd81ae0000 - 0x00007ffd81d22000 	C:\WINDOWS\SYSTEM32\DBGHELP.DLL
0x00007ffd85a00000 - 0x00007ffd85d8b000 	C:\WINDOWS\System32\combase.dll
0x00007ffd85920000 - 0x00007ffd859f7000 	C:\WINDOWS\System32\OLEAUT32.dll
0x00007ffd6ac00000 - 0x00007ffd6ac3c000 	C:\WINDOWS\SYSTEM32\dbgcore.DLL
0x00007ffd84ae0000 - 0x00007ffd84b85000 	C:\WINDOWS\System32\bcryptPrimitives.dll

JVMTI agents: none

dbghelp: loaded successfully - version: 4.0.5 - missing functions: none
symbol engine: initialized successfully - sym options: 0x614 - pdb path: .;C:\Users\amyvc\.jdks\ms-21.0.9\bin;C:\WINDOWS\SYSTEM32;C:\WINDOWS\WinSxS\amd64_microsoft.windows.common-controls_6595b64144ccf1df_6.0.26100.7019_none_3e06ffa0e335b8a8;C:\Users\amyvc\.jdks\ms-21.0.9\bin\server

VM Arguments:
java_command: <unknown>
java_class_path (initial): <not set>
Launcher Type: SUN_STANDARD

[Global flags]
     bool UseLargePagesIndividualAllocation        = false                                  {pd product} {ergonomic}

Logging:
Log output configuration:
 #0: stdout all=warning uptime,level,tags foldmultilines=false
 #1: stderr all=off uptime,level,tags foldmultilines=false

Release file:
<release file has not been read>
Environment Variables:
JAVA_HOME=C:\Users\amyvc\.jdks\ms-21.0.9
PATH=C:\Program Files\Common Files\Oracle\Java\javapath;C:\Program Files (x86)\Razer Chroma SDK\bin;C:\Program Files\Razer Chroma SDK\bin;C:\Program Files (x86)\Razer\ChromaBroadcast\bin;C:\Program Files\Razer\ChromaBroadcast\bin;C:\Windows\system32;C:\Windows;C:\Windows\System32\Wbem;C:\Windows\System32\WindowsPowerShell\v1.0\;C:\Windows\System32\OpenSSH\;C:\Program Files (x86)\NVIDIA Corporation\PhysX\Common;C:\Windows\system32\config\systemprofile\AppData\Local\Microsoft\WindowsApps;C:\Users\amyvc\AppData\Local\Microsoft\WindowsApps;C:\WINDOWS\system32;C:\WINDOWS;C:\WINDOWS\System32\Wbem;C:\WINDOWS\System32\WindowsPowerShell\v1.0\;C:\WINDOWS\System32\OpenSSH\;C:\Program Files\dotnet\;C:\WINDOWS\system32;C:\WINDOWS;C:\WINDOWS\System32\Wbem;C:\WINDOWS\System32\WindowsPowerShell\v1.0\;C:\WINDOWS\System32\OpenSSH\;C:\Program Files\NVIDIA Corporation\NVIDIA App\NvDLISR;C:\Program Files\Git\cmd;C:\Users\amyvc\AppData\Local\Microsoft\WindowsApps;;C:\Users\amyvc\AppData\Local\Programs\Microsoft VS Code\bin
USERNAME=amyvc
OS=Windows_NT
PROCESSOR_IDENTIFIER=AMD64 Family 23 Model 113 Stepping 0, AuthenticAMD
TMP=C:\Users\amyvc\AppData\Local\Temp
TEMP=C:\Users\amyvc\AppData\Local\Temp




Periodic native trim disabled

---------------  S Y S T E M  ---------------

OS:
 Windows 11 , 64 bit Build 26100 (10.0.26100.7019)
OS uptime: 1 days 4:32 hours

CPU: total 16 (initial active 0) 
Processor Information for the first 16 processors :
  Max Mhz: 3593, Current Mhz: 3593, Mhz Limit: 3593

Memory: 4k page, system-wide physical 16330M (2418M free)
TotalPageFile size 30666M (AvailPageFile size 4399M)
current process WorkingSet (physical memory assigned to process): 10M, peak: 10M
current process commit charge ("private bytes"): 3M, peak: 3M

vm_info: OpenJDK 64-Bit Server VM (21.0.9+10-LTS) for windows-amd64 JRE (21.0.9+10-LTS), built on 2025-10-13T22:04:36Z by "MicrosoftCorporation" with unknown MS VC++:1944

END.
